c:\users\user\source\repos\chesscpp\project2\x64\release\vc143.pdb
c:\users\user\source\repos\chesscpp\project2\x64\release\.netframework,version=v4.7.2.assemblyattributes.obj
c:\users\user\source\repos\chesscpp\project2\x64\release\rock.obj
c:\users\user\source\repos\chesscpp\project2\x64\release\queen.obj
c:\users\user\source\repos\chesscpp\project2\x64\release\pawn.obj
c:\users\user\source\repos\chesscpp\project2\x64\release\myform.obj
c:\users\user\source\repos\chesscpp\project2\x64\release\knight.obj
c:\users\user\source\repos\chesscpp\project2\x64\release\king.obj
c:\users\user\source\repos\chesscpp\project2\x64\release\figure.obj
c:\users\user\source\repos\chesscpp\project2\x64\release\field.obj
c:\users\user\source\repos\chesscpp\project2\x64\release\bishop.obj
c:\users\user\source\repos\chesscpp\project2\x64\release\ai.obj
c:\users\user\source\repos\chesscpp\x64\release\project2.exe
c:\users\user\source\repos\chesscpp\x64\release\project2.pdb
c:\users\user\source\repos\chesscpp\project2\x64\release\project2.myform.resources
c:\users\user\source\repos\chesscpp\project2\x64\release\project2.res
c:\users\user\source\repos\chesscpp\project2\x64\release\project2.tlog\cl.command.1.tlog
c:\users\user\source\repos\chesscpp\project2\x64\release\project2.tlog\cl.read.1.tlog
c:\users\user\source\repos\chesscpp\project2\x64\release\project2.tlog\cl.write.1.tlog
c:\users\user\source\repos\chesscpp\project2\x64\release\project2.tlog\link.command.1.tlog
c:\users\user\source\repos\chesscpp\project2\x64\release\project2.tlog\link.read.1.tlog
c:\users\user\source\repos\chesscpp\project2\x64\release\project2.tlog\link.write.1.tlog
c:\users\user\source\repos\chesscpp\project2\x64\release\project2.tlog\metagen.read.1.tlog
c:\users\user\source\repos\chesscpp\project2\x64\release\project2.tlog\metagen.write.1.tlog
c:\users\user\source\repos\chesscpp\project2\x64\release\project2.tlog\project2.write.1u.tlog
c:\users\user\source\repos\chesscpp\project2\x64\release\project2.tlog\rc.command.1.tlog
c:\users\user\source\repos\chesscpp\project2\x64\release\project2.tlog\rc.read.1.tlog
c:\users\user\source\repos\chesscpp\project2\x64\release\project2.tlog\rc.write.1.tlog
